{"target": -12.4780129010131, "params": {"x": -1.2662205459144347, "y": -2.445968431387213}, "datetime": {"datetime": "2022-05-31 00:40:26", "elapsed": 0.0, "delta": 0.0}}
{"target": -3.8540423116243687, "params": {"x": -1.0686989431116456, "y": -0.9266356377417138}, "datetime": {"datetime": "2022-05-31 00:40:26", "elapsed": 0.001145, "delta": 0.001145}}
{"target": -4.250163079336954, "params": {"x": 1.1344919770923325, "y": 2.9907513740419933}, "datetime": {"datetime": "2022-05-31 00:40:26", "elapsed": 0.206485, "delta": 0.20534}}
{"target": -3.92808212901664, "params": {"x": -1.9991649269106126, "y": 1.9651019241650722}, "datetime": {"datetime": "2022-05-31 00:40:26", "elapsed": 0.38628, "delta": 0.179795}}
{"target": -7.0, "params": {"x": -2.0, "y": 3.0}, "datetime": {"datetime": "2022-05-31 00:40:26", "elapsed": 0.558814, "delta": 0.172534}}
